Start testing: Sep 24 18:56 CEST
----------------------------------------------------------
1/1 Testing: PaintTests
1/1 Test: PaintTests
Command: "/Users/admin/Downloads/education/Paint/build/tests/test_paint"
Directory: /Users/admin/Downloads/education/Paint/build/tests
"PaintTests" start time: Sep 24 18:56 CEST
Output:
----------------------------------------------------------
[==========] Running 19 tests from 1 test suite.
[----------] Global test environment set-up.
[----------] 19 tests from CanvasFixture
[ RUN      ] CanvasFixture.constructor
[       OK ] CanvasFixture.constructor (6 ms)
[ RUN      ] CanvasFixture.increaseZoom
[       OK ] CanvasFixture.increaseZoom (0 ms)
[ RUN      ] CanvasFixture.reduceZoom
[       OK ] CanvasFixture.reduceZoom (0 ms)
[ RUN      ] CanvasFixture.setTool
[       OK ] CanvasFixture.setTool (0 ms)
[ RUN      ] CanvasFixture.changedWidth
[       OK ] CanvasFixture.changedWidth (0 ms)
[ RUN      ] CanvasFixture.MousePressStartDrawing
[       OK ] CanvasFixture.MousePressStartDrawing (3 ms)
[ RUN      ] CanvasFixture.mouseMoveEvent
[       OK ] CanvasFixture.mouseMoveEvent (0 ms)
[ RUN      ] CanvasFixture.mouseReleaseEvent
[       OK ] CanvasFixture.mouseReleaseEvent (0 ms)
[ RUN      ] CanvasFixture.WheelEventZoomOffsets
[       OK ] CanvasFixture.WheelEventZoomOffsets (0 ms)
[ RUN      ] CanvasFixture.eventPosToImagePoint
[       OK ] CanvasFixture.eventPosToImagePoint (0 ms)
[ RUN      ] CanvasFixture.pinchTriggered
[       OK ] CanvasFixture.pinchTriggered (0 ms)
[ RUN      ] CanvasFixture.ImageSmallerThanCanvas_CentersImage
[       OK ] CanvasFixture.ImageSmallerThanCanvas_CentersImage (0 ms)
[ RUN      ] CanvasFixture.ImageLargerThanCanvas_ClampsToBounds
[       OK ] CanvasFixture.ImageLargerThanCanvas_ClampsToBounds (1 ms)
[ RUN      ] CanvasFixture.OffsetWithinBounds_NoChange
[       OK ] CanvasFixture.OffsetWithinBounds_NoChange (0 ms)
[ RUN      ] CanvasFixture.ZoomAffectsCentering
[       OK ] CanvasFixture.ZoomAffectsCentering (0 ms)
[ RUN      ] CanvasFixture.EdgeCases
[       OK ] CanvasFixture.EdgeCases (0 ms)
[ RUN      ] CanvasFixture.PositiveOffsetClamped
[       OK ] CanvasFixture.PositiveOffsetClamped (0 ms)
[ RUN      ] CanvasFixture.PartialCentering
[       OK ] CanvasFixture.PartialCentering (0 ms)
[ RUN      ] CanvasFixture.EmptyImage
[       OK ] CanvasFixture.EmptyImage (0 ms)
[----------] 19 tests from CanvasFixture (16 ms total)

[----------] Global test environment tear-down
[==========] 19 tests from 1 test suite ran. (16 ms total)
[  PASSED  ] 19 tests.
<end of output>
Test time =   1.56 sec
----------------------------------------------------------
Test Passed.
"PaintTests" end time: Sep 24 18:56 CEST
"PaintTests" time elapsed: 00:00:01
----------------------------------------------------------

End testing: Sep 24 18:56 CEST
